
  EPA STORM WATER MANAGEMENT MODEL - VERSION 5.2 (Build 5.2.4)
  PYSWMM TOOLKIT API - VERSION v1.0 (2023-11-27)
  ------------------------------------------------------------

  
  ****************
  Analysis Options
  ****************
  Flow Units ............... CMS
  Process Models:
    Rainfall/Runoff ........ YES
    RDII ................... NO
    Snowmelt ............... NO
    Groundwater ............ NO
    Flow Routing ........... YES
    Ponding Allowed ........ YES
    Water Quality .......... NO
  Infiltration Method ...... HORTON
  Flow Routing Method ...... DYNWAVE
  Surcharge Method ......... EXTRAN
  Starting Date ............ 01/01/2020 00:00:00
  Ending Date .............. 12/31/2020 00:00:00
  Antecedent Dry Days ...... 0.0
  Report Time Step ......... 00:15:00
  Wet Time Step ............ 00:00:15
  Dry Time Step ............ 01:00:00
  Routing Time Step ........ 8.00 sec
  Variable Time Step ....... YES
  Maximum Trials ........... 16
  Number of Threads ........ 2
  Head Tolerance ........... 0.000015 m
  
  
  **************************        Volume         Depth
  Runoff Quantity Continuity     hectare-m            mm
  **************************     ---------       -------
  Total Precipitation ......        10.474        32.693
  Evaporation Loss .........         0.000         0.000
  Infiltration Loss ........         0.598         1.865
  Surface Runoff ...........         9.662        30.159
  Final Storage ............         0.227         0.708
  Continuity Error (%) .....        -0.120
  
  
  **************************        Volume        Volume
  Flow Routing Continuity        hectare-m      10^6 ltr
  **************************     ---------     ---------
  Dry Weather Inflow .......        77.570       775.707
  Wet Weather Inflow .......         9.666        96.660
  Groundwater Inflow .......         0.000         0.000
  RDII Inflow ..............         0.000         0.000
  External Inflow ..........         0.000         0.000
  External Outflow .........        76.957       769.577
  Flooding Loss ............         0.000         0.000
  Evaporation Loss .........         0.000         0.000
  Exfiltration Loss ........         0.000         0.000
  Initial Stored Volume ....         0.000         0.000
  Final Stored Volume ......         0.004         0.039
  Continuity Error (%) .....        11.778
  
  
  *************************
  Highest Continuity Errors
  *************************
  Node j_2 (13.12%)
  Node j_1 (2.38%)
  
  
  ***************************
  Time-Step Critical Elements
  ***************************
  None
  
  
  ********************************
  Highest Flow Instability Indexes
  ********************************
  Link p_2_1 (7)
  Link p_20_2 (1)
  Link WWTP_inlet (1)
  
  
  *********************************
  Most Frequent Nonconverging Nodes
  *********************************
  Convergence obtained at all time steps.
  
  
  *************************
  Routing Time Step Summary
  *************************
  Minimum Time Step           :     7.95 sec
  Average Time Step           :     8.00 sec
  Maximum Time Step           :     8.00 sec
  % of Time in Steady State   :     0.00
  Average Iterations per Step :     5.71
  % of Steps Not Converging   :     0.85
  Time Step Frequencies       :
      8.000 -  2.899 sec      :   100.00 %
      2.899 -  1.051 sec      :     0.00 %
      1.051 -  0.381 sec      :     0.00 %
      0.381 -  0.138 sec      :     0.00 %
      0.138 -  0.050 sec      :     0.00 %
  
  
  ***************************
  Subcatchment Runoff Summary
  ***************************
  
  ------------------------------------------------------------------------------------------------------------------------------
                            Total      Total      Total      Total     Imperv       Perv      Total       Total     Peak  Runoff
                           Precip      Runon       Evap      Infil     Runoff     Runoff     Runoff      Runoff   Runoff   Coeff
  Subcatchment                 mm         mm         mm         mm         mm         mm         mm    10^6 ltr      CMS
  ------------------------------------------------------------------------------------------------------------------------------
  sub_1a                    22.18       0.00       0.00       2.63      15.30       3.68      18.99       12.72     5.02   0.856
  sub_21a                   39.41       0.00       0.00       1.94      31.90       5.23      37.13        3.21     0.37   0.942
  sub_10a                   22.18       0.00       0.00       1.05      18.82       1.47      20.29       11.75     4.36   0.915
  sub_2a                    39.41       0.00       0.00       1.21      34.27       3.24      37.51       43.30     4.97   0.952
  sub_2b                    39.41       0.00       0.00       6.87      13.93      18.47      32.40        2.49     0.32   0.822
  sub_2c                    39.41       0.00       0.00       2.34      29.93       6.29      36.22        3.37     0.40   0.919
  sub_21b                   39.41       0.00       0.00       0.02      38.36       0.05      38.41        1.17     0.13   0.975
  sub_21c                   39.41       0.00       0.00       9.46       4.62      25.43      30.05        0.51     0.07   0.763
  sub_2d                    39.41       0.00       0.00       2.73      28.39       7.34      35.73        4.78     0.57   0.907
  sub_2e                    39.41       0.00       0.00       2.99      27.68       8.03      35.71        4.42     0.53   0.906
  sub_2f                    39.41       0.00       0.00       0.42      37.34       1.12      38.46        1.46     0.16   0.976
  sub_20a                   39.41       0.00       0.00       1.93      31.84       5.19      37.03        7.44     0.86   0.940
  
  
  ******************
  Node Depth Summary
  ******************
  
  ---------------------------------------------------------------------------------
                                 Average  Maximum  Maximum  Time of Max    Reported
                                   Depth    Depth      HGL   Occurrence   Max Depth
  Node                 Type       Meters   Meters   Meters  days hr:min      Meters
  ---------------------------------------------------------------------------------
  cso_1                OUTFALL      0.00     0.00     8.91     0  00:00        0.00
  cso_20               OUTFALL      0.00     0.00     8.30     0  00:00        0.00
  cso_2a               OUTFALL      0.00     0.00     8.30     0  00:00        0.00
  cso_21a              OUTFALL      0.00     0.00     8.93     0  00:00        0.00
  cso_10               OUTFALL      0.00     0.00     8.31     0  00:00        0.00
  Wastewater_Treatment_Plant OUTFALL      0.00     0.00     9.11     0  00:00        0.00
  cso_21b              OUTFALL      0.00     0.00     9.12     0  00:00        0.00
  cso_2b               OUTFALL      0.00     0.00     9.12     0  00:00        0.00
  j_1                  STORAGE      0.12     2.09    11.16   163  22:35        2.04
  j_21                 STORAGE      0.19     2.25    12.26   163  23:15        2.25
  j_10                 STORAGE      0.20     1.55     9.96   164  02:08        1.55
  j_2                  STORAGE      0.15     2.66    10.45   163  23:20        2.66
  j_20                 STORAGE      0.22     2.05    10.94   165  09:15        2.05
  
  
  *******************
  Node Inflow Summary
  *******************
  
  -------------------------------------------------------------------------------------------------
                                  Maximum  Maximum                  Lateral       Total        Flow
                                  Lateral    Total  Time of Max      Inflow      Inflow     Balance
                                   Inflow   Inflow   Occurrence      Volume      Volume       Error
  Node                 Type           CMS      CMS  days hr:min    10^6 ltr    10^6 ltr     Percent
  -------------------------------------------------------------------------------------------------
  cso_1                OUTFALL      0.000    3.011   163  22:35           0        2.61       0.000
  cso_20               OUTFALL      0.000    0.740   165  09:15           0        3.61       0.000
  cso_2a               OUTFALL      0.000    2.330   163  23:20           0        6.67       0.000
  cso_21a              OUTFALL      0.000    0.433   163  23:15           0         1.3       0.000
  cso_10               OUTFALL      0.000    0.000     0  00:00           0           0       0.000 ltr
  Wastewater_Treatment_Plant OUTFALL      0.000    1.167   163  22:34           0         733       0.000
  cso_21b              OUTFALL      0.000    0.028   163  21:58           0        1.24       0.000
  cso_2b               OUTFALL      0.000    0.556   163  20:22           0        21.5       0.000
  j_1                  STORAGE      5.020    5.789   163  22:32         242         753       2.435
  j_21                 STORAGE      0.572    0.572   164  20:55        59.8        59.8       0.758
  j_10                 STORAGE      4.364    4.364   163  22:35        27.9        27.9       5.653
  j_2                  STORAGE      6.945    6.978   164  20:51         383         590      15.104
  j_20                 STORAGE      0.861    0.861   164  20:55         159         159       3.551
  
  
  **********************
  Node Surcharge Summary
  **********************
  
  No nodes were surcharged.
  
  
  *********************
  Node Flooding Summary
  *********************
  
  No nodes were flooded.
  
  
  **********************
  Storage Volume Summary
  **********************
  
  ------------------------------------------------------------------------------------------------
                         Average    Avg   Evap  Exfil     Maximum    Max    Time of Max    Maximum
                          Volume   Pcnt   Pcnt   Pcnt      Volume   Pcnt     Occurrence    Outflow
  Storage Unit           1000 m³   Full   Loss   Loss     1000 m³   Full    days hr:min        CMS
  ------------------------------------------------------------------------------------------------
  j_1                      0.024    0.7    0.0    0.0       3.210   90.0     163  22:35      4.178
  j_21                     0.012    0.9    0.0    0.0       1.178   90.0     163  23:15      0.460
  j_10                     0.027    0.2    0.0    0.0       8.135   69.8     164  02:08      0.306
  j_2                      0.011    0.1    0.0    0.0      11.552   73.0     163  23:20      3.386
  j_20                     0.015    0.6    0.0    0.0       2.143   78.2     165  09:15      0.755
  
  
  ***********************
  Outfall Loading Summary
  ***********************
  
  -----------------------------------------------------------
                         Flow       Avg       Max       Total
                         Freq      Flow      Flow      Volume
  Outfall Node           Pcnt       CMS       CMS    10^6 ltr
  -----------------------------------------------------------
  cso_1                  0.01     0.807     3.011       2.607
  cso_20                 0.07     0.156     0.740       3.614
  cso_2a                 0.02     0.903     2.330       6.667
  cso_21a                0.04     0.115     0.433       1.304
  cso_10                 0.00     0.000     0.000       0.000
  Wastewater_Treatment_Plant   6.85     0.339     1.167     732.631
  cso_21b                0.14     0.028     0.028       1.237
  cso_2b                 0.12     0.555     0.556      21.513
  -----------------------------------------------------------
  System                 0.91     2.903     5.966     769.573
  
  
  ********************
  Link Flow Summary
  ********************
  
  -----------------------------------------------------------------------------
                                 Maximum  Time of Max   Maximum    Max/    Max/
                                  |Flow|   Occurrence   |Veloc|    Full    Full
  Link                 Type          CMS  days hr:min     m/sec    Flow   Depth
  -----------------------------------------------------------------------------
  p_20_2               PUMP        0.015     0  00:37              1.00
  WWTP_inlet           PUMP        1.167   163  22:34              1.00
  p_21_2               PUMP        0.042   164  04:01              1.00
  CSO_Pump_21          PUMP        0.028   163  21:58              1.00
  p10_1                PUMP        0.306   164  02:08              0.44
  p_2_1                PUMP        0.500   163  21:07              1.00
  CSO_Pump_2           PUMP        0.556   163  20:22              1.00
  cso_weir_1           WEIR        3.011   163  22:35                      0.13
  cso_weir_20          WEIR        0.740   165  09:15                      0.07
  cso_weir_2           WEIR        2.330   163  23:20                      0.09
  cso_weir_21          WEIR        0.433   163  23:15                      0.05
  cso_weir_10          WEIR        0.000     0  00:00                      0.00
  
  
  ***************************
  Flow Classification Summary
  ***************************
  
  -------------------------------------------------------------------------------------
                      Adjusted    ---------- Fraction of Time in Flow Class ---------- 
                       /Actual         Up    Down  Sub   Sup   Up    Down  Norm  Inlet 
  Conduit               Length    Dry  Dry   Dry   Crit  Crit  Crit  Crit  Ltd   Ctrl  
  -------------------------------------------------------------------------------------
  
  
  *************************
  Conduit Surcharge Summary
  *************************
  
  No conduits were surcharged.
  
  
  ***************
  Pumping Summary
  ***************
  
  ---------------------------------------------------------------------------------------------------------
                                                  Min       Avg       Max     Total     Power    % Time Off
                        Percent   Number of      Flow      Flow      Flow    Volume     Usage    Pump Curve
  Pump                 Utilized   Start-Ups       CMS       CMS       CMS  10^6 ltr     Kw-hr    Low   High
  ---------------------------------------------------------------------------------------------------------
  p_20_2                  31.77       31747      0.00      0.01      0.01   150.267    494.67    0.0  100.0
  WWTP_inlet               6.85       28963      0.00      0.34      1.17   732.631    311.36    0.0    0.0
  p_21_2                   7.16        3093      0.00      0.03      0.04    56.841    351.89    0.0    0.0
  CSO_Pump_21              0.14           2      0.00      0.03      0.03     1.237      8.81    0.0    0.0
  p10_1                    0.31         428      0.00      0.27      0.31    26.409     50.24    0.0    0.0
  p_2_1                    4.65      173723      0.00      0.33      0.50   484.532   1581.13    0.0    0.0
  CSO_Pump_2               0.12           3      0.00      0.56      0.56    21.513     53.81    0.0    0.0
  

  Analysis begun on:  Mon Jun 17 13:03:02 2024
  Analysis ended on:  Mon Jun 17 13:47:42 2024
  Total elapsed time: 00:44:40