
  EPA STORM WATER MANAGEMENT MODEL - VERSION 5.2 (Build 5.2.4)
  PYSWMM TOOLKIT API - VERSION v1.0 (2023-11-27)
  ------------------------------------------------------------

  
  ****************
  Analysis Options
  ****************
  Flow Units ............... CMS
  Process Models:
    Rainfall/Runoff ........ YES
    RDII ................... NO
    Snowmelt ............... NO
    Groundwater ............ NO
    Flow Routing ........... YES
    Ponding Allowed ........ YES
    Water Quality .......... NO
  Infiltration Method ...... HORTON
  Flow Routing Method ...... DYNWAVE
  Surcharge Method ......... EXTRAN
  Starting Date ............ 09/22/2020 00:00:00
  Ending Date .............. 09/30/2020 00:00:00
  Antecedent Dry Days ...... 0.0
  Report Time Step ......... 00:15:00
  Wet Time Step ............ 00:00:15
  Dry Time Step ............ 01:00:00
  Routing Time Step ........ 8.00 sec
  Variable Time Step ....... YES
  Maximum Trials ........... 16
  Number of Threads ........ 2
  Head Tolerance ........... 0.000015 m
  
  
  **************************        Volume         Depth
  Runoff Quantity Continuity     hectare-m            mm
  **************************     ---------       -------
  Total Precipitation ......        14.441        45.073
  Evaporation Loss .........         0.000         0.000
  Infiltration Loss ........         0.907         2.831
  Surface Runoff ...........        13.313        41.553
  Final Storage ............         0.227         0.708
  Continuity Error (%) .....        -0.042
  
  
  **************************        Volume        Volume
  Flow Routing Continuity        hectare-m      10^6 ltr
  **************************     ---------     ---------
  Dry Weather Inflow .......         1.700        17.002
  Wet Weather Inflow .......        13.314       133.140
  Groundwater Inflow .......         0.000         0.000
  RDII Inflow ..............         0.000         0.000
  External Inflow ..........         0.000         0.000
  External Outflow .........        14.783       147.836
  Flooding Loss ............         0.000         0.000
  Evaporation Loss .........         0.000         0.000
  Exfiltration Loss ........         0.000         0.000
  Initial Stored Volume ....         0.000         0.000
  Final Stored Volume ......         0.203         2.031
  Continuity Error (%) .....         0.183
  
  
  ***************************
  Time-Step Critical Elements
  ***************************
  None
  
  
  ********************************
  Highest Flow Instability Indexes
  ********************************
  Link CSO_Pump_2 (80)
  Link p_2_1 (38)
  Link WWTP_inlet (34)
  Link p10_1 (1)
  
  
  *********************************
  Most Frequent Nonconverging Nodes
  *********************************
  Convergence obtained at all time steps.
  
  
  *************************
  Routing Time Step Summary
  *************************
  Minimum Time Step           :     3.95 sec
  Average Time Step           :     7.96 sec
  Maximum Time Step           :     8.00 sec
  % of Time in Steady State   :     0.00
  Average Iterations per Step :     9.95
  % of Steps Not Converging   :    49.91
  Time Step Frequencies       :
      8.000 -  2.899 sec      :   100.00 %
      2.899 -  1.051 sec      :     0.00 %
      1.051 -  0.381 sec      :     0.00 %
      0.381 -  0.138 sec      :     0.00 %
      0.138 -  0.050 sec      :     0.00 %
  
  
  ***************************
  Subcatchment Runoff Summary
  ***************************
  
  ------------------------------------------------------------------------------------------------------------------------------
                            Total      Total      Total      Total     Imperv       Perv      Total       Total     Peak  Runoff
                           Precip      Runon       Evap      Infil     Runoff     Runoff     Runoff      Runoff   Runoff   Coeff
  Subcatchment                 mm         mm         mm         mm         mm         mm         mm    10^6 ltr      CMS
  ------------------------------------------------------------------------------------------------------------------------------
  sub_1a                    44.39       0.00       0.00       4.17      31.20       8.47      39.67       26.58     2.99   0.894
  sub_21a                   45.51       0.00       0.00       2.87      36.89       5.38      42.27        3.66     0.43   0.929
  sub_10a                   44.39       0.00       0.00       1.66      38.50       3.38      41.88       24.25     2.60   0.944
  sub_2a                    45.51       0.00       0.00       1.78      39.67       3.34      43.01       49.65     5.76   0.945
  sub_2b                    45.51       0.00       0.00      10.13      16.11      19.04      35.14        2.70     0.38   0.772
  sub_2c                    45.51       0.00       0.00       3.45      34.67       6.48      41.15        3.83     0.46   0.904
  sub_21b                   45.51       0.00       0.00       0.03      44.40       0.05      44.45        1.35     0.15   0.977
  sub_21c                   45.51       0.00       0.00      13.95       5.34      26.21      31.55        0.53     0.08   0.693
  sub_2d                    45.51       0.00       0.00       4.03      32.91       7.57      40.48        5.42     0.66   0.889
  sub_2e                    45.51       0.00       0.00       4.41      32.06       8.28      40.33        5.00     0.61   0.886
  sub_2f                    45.51       0.00       0.00       0.62      43.17       1.16      44.33        1.69     0.19   0.974
  sub_20a                   45.51       0.00       0.00       2.84      36.84       5.34      42.19        8.47     1.00   0.927
  
  
  ******************
  Node Depth Summary
  ******************
  
  ---------------------------------------------------------------------------------
                                 Average  Maximum  Maximum  Time of Max    Reported
                                   Depth    Depth      HGL   Occurrence   Max Depth
  Node                 Type       Meters   Meters   Meters  days hr:min      Meters
  ---------------------------------------------------------------------------------
  cso_1                OUTFALL      0.00     0.00     8.91     0  00:00        0.00
  cso_20               OUTFALL      0.00     0.00     8.30     0  00:00        0.00
  cso_2a               OUTFALL      0.00     0.00     8.30     0  00:00        0.00
  cso_21a              OUTFALL      0.00     0.00     8.93     0  00:00        0.00
  cso_10               OUTFALL      0.00     0.00     8.31     0  00:00        0.00
  Wastewater_Treatment_Plant OUTFALL      0.00     0.00     9.11     0  00:00        0.00
  cso_21b              OUTFALL      0.00     0.00     9.12     0  00:00        0.00
  cso_2b               OUTFALL      0.00     0.00     9.12     0  00:00        0.00
  j_1                  STORAGE      0.11     1.97    11.04     4  21:55        1.97
  j_21                 STORAGE      0.18     2.28    12.29     5  01:20        2.26
  j_10                 STORAGE      0.63     1.59    10.00     5  11:00        1.59
  j_2                  STORAGE      0.50     2.86    10.65     5  01:20        2.76
  j_20                 STORAGE      1.35     2.08    10.97     5  01:20        2.05
  
  
  *******************
  Node Inflow Summary
  *******************
  
  -------------------------------------------------------------------------------------------------
                                  Maximum  Maximum                  Lateral       Total        Flow
                                  Lateral    Total  Time of Max      Inflow      Inflow     Balance
                                   Inflow   Inflow   Occurrence      Volume      Volume       Error
  Node                 Type           CMS      CMS  days hr:min    10^6 ltr    10^6 ltr     Percent
  -------------------------------------------------------------------------------------------------
  cso_1                OUTFALL      0.000    1.248     4  21:55           0        1.46       0.000
  cso_20               OUTFALL      0.000    0.951     5  01:20           0        7.01       0.000
  cso_2a               OUTFALL      0.000    6.909     5  01:20           0        17.1       0.000
  cso_21a              OUTFALL      0.000    0.638     5  01:20           0        1.54       0.000
  cso_10               OUTFALL      0.000    0.000     0  00:00           0           0       0.000 ltr
  Wastewater_Treatment_Plant OUTFALL      0.000    1.167     3  22:31           0        56.4       0.000
  cso_21b              OUTFALL      0.000    0.028     1  21:49           0        5.04       0.000
  cso_2b               OUTFALL      0.000    0.556     1  22:10           0        59.4       0.000
  j_1                  STORAGE      2.987    3.259     3  22:15        31.6        57.8      -0.138
  j_21                 STORAGE      0.666    0.666     5  01:15        6.75        6.75       0.136
  j_10                 STORAGE      2.596    2.596     3  22:15        24.6        24.6       0.243
  j_2                  STORAGE      8.066    8.066     5  01:15        75.4        78.7       0.363
  j_20                 STORAGE      1.000    1.000     5  01:16        11.8        11.8       0.008
  
  
  **********************
  Node Surcharge Summary
  **********************
  
  No nodes were surcharged.
  
  
  *********************
  Node Flooding Summary
  *********************
  
  No nodes were flooded.
  
  
  **********************
  Storage Volume Summary
  **********************
  
  ------------------------------------------------------------------------------------------------
                         Average    Avg   Evap  Exfil     Maximum    Max    Time of Max    Maximum
                          Volume   Pcnt   Pcnt   Pcnt      Volume   Pcnt     Occurrence    Outflow
  Storage Unit           1000 m³   Full   Loss   Loss     1000 m³   Full    days hr:min        CMS
  ------------------------------------------------------------------------------------------------
  j_1                      0.140    3.9    0.0    0.0       3.148   88.3       4  21:55      2.415
  j_21                     0.084    6.4    0.0    0.0       1.182   90.3       5  01:20      0.666
  j_10                     2.175   18.7    0.0    0.0       8.456   72.5       5  11:00      0.978
  j_2                      0.707    4.5    0.0    0.0      12.665   80.1       5  01:20      7.464
  j_20                     1.206   44.0    0.0    0.0       2.180   79.5       5  01:20      0.951
  
  
  ***********************
  Outfall Loading Summary
  ***********************
  
  -----------------------------------------------------------
                         Flow       Avg       Max       Total
                         Freq      Flow      Flow      Volume
  Outfall Node           Pcnt       CMS       CMS    10^6 ltr
  -----------------------------------------------------------
  cso_1                  0.35     0.596     1.248       1.459
  cso_20                21.02     0.048     0.951       7.012
  cso_2a                 2.49     0.992     6.909      17.055
  cso_21a                1.31     0.170     0.638       1.541
  cso_10                 0.00     0.000     0.000       0.000
  Wastewater_Treatment_Plant  99.85     0.082     1.167      56.383
  cso_21b               98.83     0.007     0.028       5.036
  cso_2b                68.42     0.126     0.556      59.350
  -----------------------------------------------------------
  System                36.53     2.021     9.415     147.835
  
  
  ********************
  Link Flow Summary
  ********************
  
  -----------------------------------------------------------------------------
                                 Maximum  Time of Max   Maximum    Max/    Max/
                                  |Flow|   Occurrence   |Veloc|    Full    Full
  Link                 Type          CMS  days hr:min     m/sec    Flow   Depth
  -----------------------------------------------------------------------------
  p_20_2               PUMP        0.015     1  21:40              1.00
  WWTP_inlet           PUMP        1.167     3  22:31              1.00
  p_21_2               PUMP        0.025     3  00:15              0.60
  CSO_Pump_21          PUMP        0.028     1  21:49              1.00
  p10_1                PUMP        0.978     6  07:45              1.41
  p_2_1                PUMP        0.333     7  20:40              0.67
  CSO_Pump_2           PUMP        0.556     1  22:10              1.00
  cso_weir_1           WEIR        1.248     4  21:55                      0.07
  cso_weir_20          WEIR        0.951     5  01:20                      0.09
  cso_weir_2           WEIR        6.909     5  01:20                      0.19
  cso_weir_21          WEIR        0.638     5  01:20                      0.06
  cso_weir_10          WEIR        0.000     0  00:00                      0.00
  
  
  ***************************
  Flow Classification Summary
  ***************************
  
  -------------------------------------------------------------------------------------
                      Adjusted    ---------- Fraction of Time in Flow Class ---------- 
                       /Actual         Up    Down  Sub   Sup   Up    Down  Norm  Inlet 
  Conduit               Length    Dry  Dry   Dry   Crit  Crit  Crit  Crit  Ltd   Ctrl  
  -------------------------------------------------------------------------------------
  
  
  *************************
  Conduit Surcharge Summary
  *************************
  
  No conduits were surcharged.
  
  
  ***************
  Pumping Summary
  ***************
  
  ---------------------------------------------------------------------------------------------------------
                                                  Min       Avg       Max     Total     Power    % Time Off
                        Percent   Number of      Flow      Flow      Flow    Volume     Usage    Pump Curve
  Pump                 Utilized   Start-Ups       CMS       CMS       CMS  10^6 ltr     Kw-hr    Low   High
  ---------------------------------------------------------------------------------------------------------
  p_20_2                  45.96          17      0.00      0.01      0.01     3.124     13.04    0.0   48.3
  WWTP_inlet              99.85          20      0.00      0.08      1.17    56.383    115.30    0.0    0.0
  p_21_2                  29.43          17      0.00      0.00      0.03     0.166      0.97    0.0    0.0
  CSO_Pump_21             98.83           2      0.00      0.01      0.03     5.036     21.23    0.0    0.0
  p10_1                   41.27          33      0.00      0.08      0.98    24.206     38.70    0.0    0.0
  p_2_1                   13.19       10706      0.00      0.02      0.33     1.984      5.74    0.0    0.0
  CSO_Pump_2              68.41       10811      0.00      0.13      0.56    59.353    114.98    0.0    0.0
  

  Analysis begun on:  Mon Jun 17 23:07:09 2024
  Analysis ended on:  Mon Jun 17 23:08:02 2024
  Total elapsed time: 00:00:53